c:\users\natal\documents\github\ball-sort-puzzle\ballsortpuzzle\ballsortpuzzle\x64\debug\vc142.pdb
c:\users\natal\documents\github\ball-sort-puzzle\ballsortpuzzle\ballsortpuzzle\x64\debug\vc142.idb
c:\users\natal\documents\github\ball-sort-puzzle\ballsortpuzzle\ballsortpuzzle\x64\debug\utiles.obj
c:\users\natal\documents\github\ball-sort-puzzle\ballsortpuzzle\ballsortpuzzle\x64\debug\tubo.obj
c:\users\natal\documents\github\ball-sort-puzzle\ballsortpuzzle\ballsortpuzzle\x64\debug\partida.obj
c:\users\natal\documents\github\ball-sort-puzzle\ballsortpuzzle\ballsortpuzzle\x64\debug\objeto_grafico.obj
c:\users\natal\documents\github\ball-sort-puzzle\ballsortpuzzle\ballsortpuzzle\x64\debug\nivel.obj
c:\users\natal\documents\github\ball-sort-puzzle\ballsortpuzzle\ballsortpuzzle\x64\debug\movimiento.obj
c:\users\natal\documents\github\ball-sort-puzzle\ballsortpuzzle\ballsortpuzzle\x64\debug\bola.obj
c:\users\natal\documents\github\ball-sort-puzzle\ballsortpuzzle\ballsortpuzzle\x64\debug\juego.obj
c:\users\natal\documents\github\ball-sort-puzzle\ballsortpuzzle\ballsortpuzzle\x64\debug\iterator.obj
c:\users\natal\documents\github\ball-sort-puzzle\ballsortpuzzle\ballsortpuzzle\x64\debug\ballsortpuzzle.obj
c:\users\natal\documents\github\ball-sort-puzzle\ballsortpuzzle\ballsortpuzzle\x64\debug\archivos.obj
c:\users\natal\documents\github\ball-sort-puzzle\ballsortpuzzle\x64\debug\ballsortpuzzle.exe
c:\users\natal\documents\github\ball-sort-puzzle\ballsortpuzzle\x64\debug\ballsortpuzzle.ilk
c:\users\natal\documents\github\ball-sort-puzzle\ballsortpuzzle\x64\debug\ballsortpuzzle.pdb
c:\users\natal\documents\github\ball-sort-puzzle\ballsortpuzzle\ballsortpuzzle\x64\debug\ballsortpuzzle.tlog\cl.command.1.tlog
c:\users\natal\documents\github\ball-sort-puzzle\ballsortpuzzle\ballsortpuzzle\x64\debug\ballsortpuzzle.tlog\cl.read.1.tlog
c:\users\natal\documents\github\ball-sort-puzzle\ballsortpuzzle\ballsortpuzzle\x64\debug\ballsortpuzzle.tlog\cl.write.1.tlog
c:\users\natal\documents\github\ball-sort-puzzle\ballsortpuzzle\ballsortpuzzle\x64\debug\ballsortpuzzle.tlog\link.command.1.tlog
c:\users\natal\documents\github\ball-sort-puzzle\ballsortpuzzle\ballsortpuzzle\x64\debug\ballsortpuzzle.tlog\link.read.1.tlog
c:\users\natal\documents\github\ball-sort-puzzle\ballsortpuzzle\ballsortpuzzle\x64\debug\ballsortpuzzle.tlog\link.write.1.tlog
